TN:
SF:src/planner/train.ts
FN:98,sleep
FN:104,onAbort
FN:118,datasetFormat
FN:131,train
FN:132,emit
FN:236,checkCovenant
FN:252,fingerprintDataset
FN:264,monitor
FN:339,recordHookEvent
FN:359,recordReceipt
FNF:10
FNH:9
FNDA:10,sleep
FNDA:0,onAbort
FNDA:9,datasetFormat
FNDA:10,train
FNDA:58,emit
FNDA:9,checkCovenant
FNDA:10,fingerprintDataset
FNDA:7,monitor
FNDA:10,recordHookEvent
FNDA:3,recordReceipt
DA:1,1
DA:96,1
DA:98,10
DA:99,10
DA:100,10
DA:101,10
DA:102,10
DA:103,10
DA:104,10
DA:105,0
DA:106,0
DA:107,0
DA:108,10
DA:109,0
DA:110,0
DA:111,0
DA:112,0
DA:113,10
DA:114,10
DA:115,10
DA:118,9
DA:119,9
DA:120,9
DA:121,9
DA:122,1
DA:123,0
DA:124,0
DA:126,1
DA:131,1
DA:132,10
DA:133,58
DA:134,58
DA:135,58
DA:137,0
DA:138,58
DA:141,10
DA:142,10
DA:143,10
DA:144,10
DA:145,10
DA:146,1
DA:147,1
DA:148,1
DA:149,1
DA:150,1
DA:153,9
DA:154,10
DA:155,1
DA:156,1
DA:157,1
DA:158,1
DA:159,1
DA:162,8
DA:163,8
DA:164,8
DA:165,8
DA:166,8
DA:167,8
DA:168,8
DA:169,8
DA:170,8
DA:171,8
DA:172,8
DA:173,1
DA:174,7
DA:175,10
DA:176,10
DA:177,10
DA:178,10
DA:179,7
DA:180,10
DA:181,1
DA:182,1
DA:183,1
DA:184,1
DA:185,1
DA:186,7
DA:187,7
DA:188,7
DA:189,7
DA:190,7
DA:191,7
DA:192,7
DA:195,7
DA:196,7
DA:197,7
DA:198,10
DA:199,2
DA:200,2
DA:201,2
DA:202,2
DA:203,2
DA:206,10
DA:207,3
DA:208,3
DA:209,3
DA:210,3
DA:211,3
DA:212,3
DA:213,3
DA:214,3
DA:215,3
DA:216,3
DA:217,3
DA:218,3
DA:219,3
DA:220,3
DA:222,10
DA:223,1
DA:224,1
DA:225,1
DA:226,1
DA:227,1
DA:229,10
DA:230,10
DA:231,10
DA:232,10
DA:233,10
DA:236,1
DA:237,9
DA:238,9
DA:239,9
DA:240,9
DA:241,9
DA:242,9
DA:243,9
DA:244,0
DA:245,0
DA:246,0
DA:247,0
DA:248,0
DA:249,9
DA:252,1
DA:253,10
DA:254,10
DA:255,9
DA:256,9
DA:257,9
DA:258,9
DA:259,9
DA:260,9
DA:261,10
DA:264,1
DA:265,7
DA:266,7
DA:267,7
DA:268,7
DA:269,7
DA:270,7
DA:271,7
DA:272,7
DA:273,7
DA:274,7
DA:276,7
DA:277,16
DA:278,15
DA:279,15
DA:280,15
DA:281,15
DA:282,15
DA:283,15
DA:284,16
DA:285,1
DA:286,1
DA:287,1
DA:288,1
DA:289,1
DA:290,1
DA:291,1
DA:292,16
DA:293,0
DA:294,0
DA:295,0
DA:297,16
DA:298,16
DA:299,16
DA:300,16
DA:301,16
DA:302,11
DA:303,11
DA:304,11
DA:305,11
DA:306,11
DA:307,11
DA:308,11
DA:309,11
DA:310,11
DA:311,11
DA:312,11
DA:314,16
DA:315,3
DA:316,2
DA:317,2
DA:318,2
DA:319,2
DA:320,2
DA:321,2
DA:322,2
DA:323,2
DA:324,3
DA:326,16
DA:327,5
DA:328,5
DA:329,9
DA:330,9
DA:332,1
DA:333,1
DA:335,1
DA:336,7
DA:339,1
DA:340,10
DA:341,10
DA:342,10
DA:343,10
DA:344,10
DA:345,10
DA:346,10
DA:347,10
DA:348,10
DA:349,10
DA:350,10
DA:351,0
DA:352,0
DA:353,0
DA:354,0
DA:355,10
DA:356,10
DA:359,1
DA:360,3
DA:361,3
DA:362,3
DA:363,3
DA:364,3
DA:365,3
DA:366,3
DA:367,3
DA:368,3
DA:369,3
DA:370,3
DA:371,3
DA:372,3
DA:373,3
DA:374,0
DA:375,0
DA:376,0
DA:377,0
DA:378,3
DA:379,3
DA:380,1
LF:249
LH:223
BRDA:98,0,0,10
BRDA:99,1,0,10
BRDA:108,2,0,0
BRDA:108,3,0,0
BRDA:113,4,0,0
BRDA:100,5,0,10
BRDA:101,6,0,0
BRDA:118,7,0,9
BRDA:120,8,0,8
BRDA:120,9,0,1
BRDA:121,10,0,0
BRDA:121,11,0,1
BRDA:122,12,0,0
BRDA:131,13,0,10
BRDA:144,14,0,9
BRDA:145,15,0,1
BRDA:146,16,0,0
BRDA:150,17,0,9
BRDA:154,18,0,1
BRDA:159,19,0,8
BRDA:172,20,0,1
BRDA:173,21,0,7
BRDA:177,22,0,7
BRDA:178,23,0,0
BRDA:178,24,0,7
BRDA:180,25,0,1
BRDA:181,26,0,0
BRDA:185,27,0,7
BRDA:197,28,0,5
BRDA:198,29,0,2
BRDA:199,30,0,0
BRDA:203,31,0,5
BRDA:206,32,0,3
BRDA:207,33,0,0
BRDA:216,34,0,1
BRDA:217,35,0,1
BRDA:218,36,0,1
BRDA:220,37,0,2
BRDA:222,38,0,1
BRDA:229,39,0,0
BRDA:132,40,0,58
BRDA:134,41,0,29
BRDA:135,42,0,0
BRDA:236,43,0,9
BRDA:243,44,0,0
BRDA:252,45,0,10
BRDA:254,46,0,9
BRDA:264,47,0,7
BRDA:269,48,0,0
BRDA:270,49,0,6
BRDA:276,50,0,16
BRDA:277,51,0,1
BRDA:277,52,0,1
BRDA:277,53,0,15
BRDA:283,54,0,14
BRDA:284,55,0,1
BRDA:291,56,0,14
BRDA:292,57,0,0
BRDA:295,58,0,14
BRDA:297,59,0,2
BRDA:298,60,0,2
BRDA:299,61,0,2
BRDA:300,62,0,12
BRDA:300,63,0,12
BRDA:300,64,0,12
BRDA:301,65,0,4
BRDA:301,66,0,11
BRDA:308,67,0,2
BRDA:308,68,0,9
BRDA:309,69,0,2
BRDA:309,70,0,9
BRDA:310,71,0,2
BRDA:310,72,0,9
BRDA:312,73,0,14
BRDA:314,74,0,12
BRDA:314,75,0,3
BRDA:315,76,0,2
BRDA:324,77,0,14
BRDA:326,78,0,5
BRDA:328,79,0,9
BRDA:330,80,0,1
BRDA:339,81,0,10
BRDA:359,82,0,3
BRDA:360,83,0,2
BRF:84
BRH:68
end_of_record
